<testng-results>
  <reporter-output>
    <line>Attribute exists, name: exit-code value: SUCCESS</line>
    <line>Attribute exists, name: children value: http-listener-1+++++++++;http-listener-2+++++++++;admin-listener++++++++++</line>
    <line>Attribute exists, name: exit-code value: SUCCESS</line>
    <line>Attribute exists, name: exit-code value: SUCCESS</line>
    <line>Attribute exists, name: exit-code value: SUCCESS</line>
    <line>Attribute exists, name: exit-code value: SUCCESS</line>
    <line>Attribute exists, name: exit-code value: SUCCESS</line>
    <line>Attribute exists, name: children value: -XX%3AMaxPermSize%3D192m;-client;-Djava.awt.headless%3Dtrue;-Djdk.corba.allowOutputStreamSubclass%3Dtrue;-Djavax.xml.accessExternalSchema%3Dall;-Djavax.management.builder.initial%3Dcom.sun.enterprise.v3.admin.AppServerMBeanServerBuilder;-XX%3A%2BUnlockDiagnosticVMOptions;-Djava.endorsed.dirs%3D%24%7Bcom.sun.aas.installRoot%7D%2Fmodules%2Fendorsed%24%7Bpath.separator%7D%24%7Bcom.sun.aas.installRoot%7D%2Flib%2Fendorsed;-Djava.security.policy%3D%24%7Bcom.sun.aas.instanceRoot%7D%2Fconfig%2Fserver.policy;-Djava.security.auth.login.config%3D%24%7Bcom.sun.aas.instanceRoot%7D%2Fconfig%2Flogin.conf;-Dcom.sun.enterprise.security.httpsOutboundKeyAlias%3Ds1as;-Xmx512m;-Djavax.net.ssl.keyStore%3D%24%7Bcom.sun.aas.instanceRoot%7D%2Fconfig%2Fkeystore.jks;-Djavax.net.ssl.trustStore%3D%24%7Bcom.sun.aas.instanceRoot%7D%2Fconfig%2Fcacerts.jks;-Djava.ext.dirs%3D%24%7Bcom.sun.aas.javaRoot%7D%2Flib%2Fext%24%7Bpath.separator%7D%24%7Bcom.sun.aas.javaRoot%7D%2Fjre%2Flib%2Fext%24%7Bpath.separator%7D%24%7Bcom.sun.aas.instanceRoot%7D%2Flib%2Fext;-Djdbc.drivers%3Dorg.apache.derby.jdbc.ClientDriver;-DANTLR_USE_DIRECT_CLASS_LOADING%3Dtrue;-Dcom.sun.enterprise.config.config_environment_factory_class%3Dcom.sun.enterprise.config.serverbeans.AppserverConfigEnvironmentFactory;-Dorg.glassfish.additionalOSGiBundlesToStart%3Dorg.apache.felix.shell%2Corg.apache.felix.gogo.runtime%2Corg.apache.felix.gogo.shell%2Corg.apache.felix.gogo.command%2Corg.apache.felix.shell.remote%2Corg.apache.felix.fileinstall;-Dosgi.shell.telnet.port%3D5066;-Dosgi.shell.telnet.maxconn%3D1;-Dosgi.shell.telnet.ip%3D127.0.0.1;-Dgosh.args%3D--nointeractive;-Dfelix.fileinstall.dir%3D%24%7Bcom.sun.aas.installRoot%7D%2Fmodules%2Fautostart%2F;-Dfelix.fileinstall.poll%3D5000;-Dfelix.fileinstall.log.level%3D2;-Dfelix.fileinstall.bundles.new.start%3Dtrue;-Dfelix.fileinstall.bundles.startTransient%3Dtrue;-Dfelix.fileinstall.disableConfigSave%3Dfalse;-XX%3ANewRatio%3D2;-Dcom.ctc.wstx.returnNullForDefaultNamespace%3Dtrue;-Djdk.tls.rejectClientInitiatedRenegotiation%3Dtrue;-Dorg.jboss.weld.serialization.beanIdentifierIndexOptimization%3Dfalse;-Dname%3D+joe+blo</line>
    <line>Attribute exists, name: exit-code value: SUCCESS</line>
    <line>Attribute exists, name: exit-code value: SUCCESS</line>
    <line>Attribute exists, name: children value: http-listener-1+++++++++;http-listener-2+++++++++;admin-listener++++++++++;ls12345+++++++++++++++++</line>
    <line>Attribute exists, name: exit-code value: SUCCESS</line>
    <line>Attribute exists, name: exit-code value: SUCCESS</line>
    <line>Attribute exists, name: exit-code value: SUCCESS</line>
    <line>Attribute exists, name: children value: http-listener-1+++++++++;http-listener-2+++++++++;admin-listener++++++++++</line>
    <line>Attribute exists, name: exit-code value: SUCCESS</line>
    <line>Attribute exists, name: children value: http-listener-1+++++++++;http-listener-2+++++++++;admin-listener++++++++++</line>
    <line>Attribute exists, name: exit-code value: SUCCESS</line>
    <line>Attribute exists, name: exit-code value: SUCCESS</line>
    <line>Attribute exists, name: exit-code value: SUCCESS</line>
    <line>Attribute exists, name: exit-code value: SUCCESS</line>
    <line>Attribute exists, name: exit-code value: SUCCESS</line>
    <line>Attribute exists, name: exit-code value: SUCCESS</line>
    <line>Attribute exists, name: children value: -XX%3AMaxPermSize%3D192m;-client;-Djava.awt.headless%3Dtrue;-Djdk.corba.allowOutputStreamSubclass%3Dtrue;-Djavax.xml.accessExternalSchema%3Dall;-Djavax.management.builder.initial%3Dcom.sun.enterprise.v3.admin.AppServerMBeanServerBuilder;-XX%3A%2BUnlockDiagnosticVMOptions;-Djava.endorsed.dirs%3D%24%7Bcom.sun.aas.installRoot%7D%2Fmodules%2Fendorsed%24%7Bpath.separator%7D%24%7Bcom.sun.aas.installRoot%7D%2Flib%2Fendorsed;-Djava.security.policy%3D%24%7Bcom.sun.aas.instanceRoot%7D%2Fconfig%2Fserver.policy;-Djava.security.auth.login.config%3D%24%7Bcom.sun.aas.instanceRoot%7D%2Fconfig%2Flogin.conf;-Dcom.sun.enterprise.security.httpsOutboundKeyAlias%3Ds1as;-Xmx512m;-Djavax.net.ssl.keyStore%3D%24%7Bcom.sun.aas.instanceRoot%7D%2Fconfig%2Fkeystore.jks;-Djavax.net.ssl.trustStore%3D%24%7Bcom.sun.aas.instanceRoot%7D%2Fconfig%2Fcacerts.jks;-Djava.ext.dirs%3D%24%7Bcom.sun.aas.javaRoot%7D%2Flib%2Fext%24%7Bpath.separator%7D%24%7Bcom.sun.aas.javaRoot%7D%2Fjre%2Flib%2Fext%24%7Bpath.separator%7D%24%7Bcom.sun.aas.instanceRoot%7D%2Flib%2Fext;-Djdbc.drivers%3Dorg.apache.derby.jdbc.ClientDriver;-DANTLR_USE_DIRECT_CLASS_LOADING%3Dtrue;-Dcom.sun.enterprise.config.config_environment_factory_class%3Dcom.sun.enterprise.config.serverbeans.AppserverConfigEnvironmentFactory;-Dorg.glassfish.additionalOSGiBundlesToStart%3Dorg.apache.felix.shell%2Corg.apache.felix.gogo.runtime%2Corg.apache.felix.gogo.shell%2Corg.apache.felix.gogo.command%2Corg.apache.felix.shell.remote%2Corg.apache.felix.fileinstall;-Dosgi.shell.telnet.port%3D5066;-Dosgi.shell.telnet.maxconn%3D1;-Dosgi.shell.telnet.ip%3D127.0.0.1;-Dgosh.args%3D--nointeractive;-Dfelix.fileinstall.dir%3D%24%7Bcom.sun.aas.installRoot%7D%2Fmodules%2Fautostart%2F;-Dfelix.fileinstall.poll%3D5000;-Dfelix.fileinstall.log.level%3D2;-Dfelix.fileinstall.bundles.new.start%3Dtrue;-Dfelix.fileinstall.bundles.startTransient%3Dtrue;-Dfelix.fileinstall.disableConfigSave%3Dfalse;-XX%3ANewRatio%3D2;-Dcom.ctc.wstx.returnNullForDefaultNamespace%3Dtrue;-Djdk.tls.rejectClientInitiatedRenegotiation%3Dtrue;-Dorg.jboss.weld.serialization.beanIdentifierIndexOptimization%3Dfalse</line>
    <line>Attribute exists, name: exit-code value: SUCCESS</line>
    <line>Attribute exists, name: children value: __TimerPool;DerbyPool;javadb_pool</line>
    <line>Attribute exists, name: exit-code value: SUCCESS</line>
    <line>Attribute exists, name: exit-code value: SUCCESS</line>
    <line>Attribute exists, name: children value: __TimerPool;DerbyPool</line>
    <line>Attribute exists, name: exit-code value: SUCCESS</line>
    <line>Attribute exists, name: exit-code value: SUCCESS</line>
  </reporter-output>
  <suite name="QuickLookTests">
    <groups>
      <group name="amx">
        <method signature="amxtest.AMXProxyTests.testMonitoringRoot()" name="testMonitoringRoot" class="amxtest.AMXProxyTests"/>
        <method signature="amxtest.AMXCoreTests.bootAMX()" name="bootAMX" class="amxtest.AMXCoreTests"/>
        <method signature="amxtest.AMXProxyTests.testDomainRoot()" name="testDomainRoot" class="amxtest.AMXProxyTests"/>
        <method signature="amxtest.AMXProxyTests.testBulkAccess()" name="testBulkAccess" class="amxtest.AMXProxyTests"/>
        <method signature="amxtest.AMXProxyTests.testExt()" name="testExt" class="amxtest.AMXProxyTests"/>
        <method signature="amxtest.AMXOtherTests.testVariousGetters()" name="testVariousGetters" class="amxtest.AMXOtherTests"/>
        <method signature="amxtest.AMXProxyTests.testTools()" name="testTools" class="amxtest.AMXProxyTests"/>
        <method signature="amxtest.AMXProxyTests.testSystemInfo()" name="testSystemInfo" class="amxtest.AMXProxyTests"/>
        <method signature="amxtest.AMXProxyTests.testPathnames()" name="testPathnames" class="amxtest.AMXProxyTests"/>
        <method signature="amxtest.AMXProxyTests.testServerRuntime()" name="testServerRuntime" class="amxtest.AMXProxyTests"/>
        <method signature="amxtest.AMXProxyTests.testLogging()" name="testLogging" class="amxtest.AMXProxyTests"/>
        <method signature="amxtest.AMXCoreTests.iterateAllSanityCheck()" name="iterateAllSanityCheck" class="amxtest.AMXCoreTests"/>
        <method signature="amxtest.AMXProxyTests.testForBogusAnnotations()" name="testForBogusAnnotations" class="amxtest.AMXProxyTests"/>
        <method signature="amxtest.AMXCoreTests.testDemo()" name="testDemo" class="amxtest.AMXCoreTests"/>
        <method signature="amxtest.AMXProxyTests.testRuntimeRoot()" name="testRuntimeRoot" class="amxtest.AMXProxyTests"/>
        <method signature="amxtest.AMXConfigProxyTests.testForBogusConfigAnnotations()" name="testForBogusConfigAnnotations" class="amxtest.AMXConfigProxyTests"/>
        <method signature="amxtest.AMXCoreTests.testAMXComplianceMonitorFailureCount()" name="testAMXComplianceMonitorFailureCount" class="amxtest.AMXCoreTests"/>
        <method signature="amxtest.AMXProxyTests.testQuery()" name="testQuery" class="amxtest.AMXProxyTests"/>
        <method signature="amxtest.AMXProxyTests.testJ2EEDomain()" name="testJ2EEDomain" class="amxtest.AMXProxyTests"/>
      </group>
      <group name="init">
        <method signature="test.jpa.jpainjectemf.JpaInjectEMFTestNG.persistWithInjectEMF()" name="persistWithInjectEMF" class="test.jpa.jpainjectemf.JpaInjectEMFTestNG"/>
        <method signature="test.jpa.jpavalidation.JpaValidationTestNG.initialize()" name="initialize" class="test.jpa.jpavalidation.JpaValidationTestNG"/>
        <method signature="test.security.appperms.ApppermsTestNG.singletonStartup()" name="singletonStartup" class="test.security.appperms.ApppermsTestNG"/>
        <method signature="test.ejb.remoteview.RemoteViewTestNG.helloRemote()" name="helloRemote" class="test.ejb.remoteview.RemoteViewTestNG"/>
        <method signature="test.ejb.singleton.SingletonTestNG.singletonStartup()" name="singletonStartup" class="test.ejb.singleton.SingletonTestNG"/>
        <method signature="test.ejb.sfulnoi.SfulnoiTestNG.SetName()" name="SetName" class="test.ejb.sfulnoi.SfulnoiTestNG"/>
        <method signature="test.ejb.slsbnicmt.SlsbnicmtTestNG.EJBInject()" name="EJBInject" class="test.ejb.slsbnicmt.SlsbnicmtTestNG"/>
      </group>
      <group name="osgi">
        <method signature="test.admin.OsgiAsadminTest.createOsgiListener()" name="createOsgiListener" class="test.admin.OsgiAsadminTest"/>
        <method signature="test.osgi.hello.HelloOSGITestNG.simpleOSGIDeployTest()" name="simpleOSGIDeployTest" class="test.osgi.hello.HelloOSGITestNG"/>
        <method signature="test.osgi.hello.HelloOSGITestNG.simpleJSPTestPage()" name="simpleJSPTestPage" class="test.osgi.hello.HelloOSGITestNG"/>
        <method signature="test.osgi.hello.HelloOSGITestNG.simpleServletTest()" name="simpleServletTest" class="test.osgi.hello.HelloOSGITestNG"/>
        <method signature="test.osgi.hello.HelloOSGITestNG.simpleOSGIUnDeployTest()" name="simpleOSGIUnDeployTest" class="test.osgi.hello.HelloOSGITestNG"/>
      </group>
      <group name="pulse">
        <method signature="test.web.jsp.hello.HelloJSPTestNG.staticHTMLPageTest()" name="staticHTMLPageTest" class="test.web.jsp.hello.HelloJSPTestNG"/>
        <method signature="test.web.jsp.hello.HelloJSPTestNG.testServerRunning()" name="testServerRunning" class="test.web.jsp.hello.HelloJSPTestNG"/>
        <method signature="test.web.jsp.hello.HelloJSPTestNG.simpleServletTest()" name="simpleServletTest" class="test.web.jsp.hello.HelloJSPTestNG"/>
        <method signature="test.web.jsp.hello.HelloJSPTestNG.simpleJSPTestPage()" name="simpleJSPTestPage" class="test.web.jsp.hello.HelloJSPTestNG"/>
        <method signature="test.jsf.astrologer.JSFWebTestNG.jsfIndexPageBasicTest()" name="jsfIndexPageBasicTest" class="test.jsf.astrologer.JSFWebTestNG"/>
        <method signature="test.jsf.astrologer.JSFWebTestNG.jsfAppDeployedFirstPagetest()" name="jsfAppDeployedFirstPagetest" class="test.jsf.astrologer.JSFWebTestNG"/>
        <method signature="test.jdbc.jdbcusertx.JdbcUserTxTestNG.testNoLeak()" name="testNoLeak" class="test.jdbc.jdbcusertx.JdbcUserTxTestNG"/>
        <method signature="test.jdbc.jdbcusertx.JdbcUserTxTestNG.testUserTx()" name="testUserTx" class="test.jdbc.jdbcusertx.JdbcUserTxTestNG"/>
        <method signature="test.security.hellojsp.HelloSecurityTestNG.staticHTMLPageTest()" name="staticHTMLPageTest" class="test.security.hellojsp.HelloSecurityTestNG"/>
        <method signature="test.security.hellojsp.HelloSecurityTestNG.simpleServletTest()" name="simpleServletTest" class="test.security.hellojsp.HelloSecurityTestNG"/>
        <method signature="test.security.hellojsp.HelloSecurityTestNG.simpleJSPTestPage()" name="simpleJSPTestPage" class="test.security.hellojsp.HelloSecurityTestNG"/>
        <method signature="test.CmpRosterTestNG.test()" name="test" class="test.CmpRosterTestNG"/>
        <method signature="test.bv.servlet.simple.SimpleBVServletTestNG.executeServlet()" name="executeServlet" class="test.bv.servlet.simple.SimpleBVServletTestNG"/>
        <method signature="test.web.extensions.ExtensionsTestNG.jarExtensionBeanObserversTest()" name="jarExtensionBeanObserversTest" class="test.web.extensions.ExtensionsTestNG"/>
        <method signature="test.web.extensions.ExtensionsTestNG.extensionBeanObserversTest()" name="extensionBeanObserversTest" class="test.web.extensions.ExtensionsTestNG"/>
        <method signature="test.web.extensions.ExtensionsTestNG.webBeanTest()" name="webBeanTest" class="test.web.extensions.ExtensionsTestNG"/>
        <method signature="test.web.extensions.ExtensionsTestNG.injectionTargetAdaptionTest()" name="injectionTargetAdaptionTest" class="test.web.extensions.ExtensionsTestNG"/>
        <method signature="test.web.extensions.ExtensionsTestNG.extensionBeanReferenceTest()" name="extensionBeanReferenceTest" class="test.web.extensions.ExtensionsTestNG"/>
        <method signature="test.web.extensions.ExtensionsTestNG.jarExtensionBeanReferenceTest()" name="jarExtensionBeanReferenceTest" class="test.web.extensions.ExtensionsTestNG"/>
        <method signature="test.admin.WebtierTests.createListener()" name="createListener" class="test.admin.WebtierTests"/>
        <method signature="test.admin.JdbcConnectionPoolTests.createPool()" name="createPool" class="test.admin.JdbcConnectionPoolTests"/>
        <method signature="test.admin.JvmOptionTests.createJoe()" name="createJoe" class="test.admin.JvmOptionTests"/>
        <method signature="test.admin.JvmOptionTests.ensureCreatedJoeExists()" name="ensureCreatedJoeExists" class="test.admin.JvmOptionTests"/>
        <method signature="test.admin.JvmOptionTests.deleteJoe()" name="deleteJoe" class="test.admin.JvmOptionTests"/>
        <method signature="test.admin.WebtierTests.ensureCreatedListenerExists()" name="ensureCreatedListenerExists" class="test.admin.WebtierTests"/>
        <method signature="test.admin.WebtierTests.deleteListener()" name="deleteListener" class="test.admin.WebtierTests"/>
        <method signature="test.admin.WebtierTests.ensureDeletedListenerDoesNotExist()" name="ensureDeletedListenerDoesNotExist" class="test.admin.WebtierTests"/>
        <method signature="test.admin.WebtierTests.createListenerWithOldParam()" name="createListenerWithOldParam" class="test.admin.WebtierTests"/>
        <method signature="test.admin.WebtierTests.deleteListener2()" name="deleteListener2" class="test.admin.WebtierTests"/>
        <method signature="test.admin.JdbcConnectionPoolTests.pingPool()" name="pingPool" class="test.admin.JdbcConnectionPoolTests"/>
        <method signature="test.admin.JvmOptionTests.deletedJoeDoesNotExist()" name="deletedJoeDoesNotExist" class="test.admin.JvmOptionTests"/>
        <method signature="test.admin.JdbcConnectionPoolTests.ensureCreatedPoolExists()" name="ensureCreatedPoolExists" class="test.admin.JdbcConnectionPoolTests"/>
        <method signature="test.admin.JdbcConnectionPoolTests.deletePool()" name="deletePool" class="test.admin.JdbcConnectionPoolTests"/>
        <method signature="test.admin.JdbcConnectionPoolTests.deletedPoolDoesNotExist()" name="deletedPoolDoesNotExist" class="test.admin.JdbcConnectionPoolTests"/>
        <method signature="jaxbosgi.JaxbOsgiTestNG.riOsgiTest()" name="riOsgiTest" class="jaxbosgi.JaxbOsgiTestNG"/>
        <method signature="jaxbosgi.JaxbOsgiTestNG.jaxb1Exist()" name="jaxb1Exist" class="jaxbosgi.JaxbOsgiTestNG"/>
        <method signature="jaxbosgi.JaxbOsgiTestNG.msvDatatypeExist()" name="msvDatatypeExist" class="jaxbosgi.JaxbOsgiTestNG"/>
        <method signature="jaxbosgi.JaxbOsgiTestNG.jaxb1Marshalling()" name="jaxb1Marshalling" class="jaxbosgi.JaxbOsgiTestNG"/>
      </group>
      <group name="rest">
        <method signature="test.admin.RestTests.testManagementEndpoint()" name="testManagementEndpoint" class="test.admin.RestTests"/>
        <method signature="test.admin.RestTests.testEndpointWithEncodedSlash()" name="testEndpointWithEncodedSlash" class="test.admin.RestTests"/>
        <method signature="test.admin.RestTests.testAdminCommandEndpoint()" name="testAdminCommandEndpoint" class="test.admin.RestTests"/>
        <method signature="test.admin.RestTests.testMonitoringEndpoint()" name="testMonitoringEndpoint" class="test.admin.RestTests"/>
        <method signature="test.admin.RestTests.testChildConfigBeanEndpoint()" name="testChildConfigBeanEndpoint" class="test.admin.RestTests"/>
      </group>
      <group name="adminconsole">
        <method signature="test.admin.AdminConsoleTests.testDeployedAppPage()" name="testDeployedAppPage" class="test.admin.AdminConsoleTests"/>
        <method signature="test.admin.AdminConsoleTests.testCommonTasks()" name="testCommonTasks" class="test.admin.AdminConsoleTests"/>
        <method signature="test.admin.AdminConsoleTests.testRealmsList()" name="testRealmsList" class="test.admin.AdminConsoleTests"/>
      </group>
    </groups>
    <test name="ejb_singleton_ear_redeploy">
      <class name="test.ejb.singleton.SingletonTestNG">
        <test-method status="PASS" signature="singletonInjectLookup()" name="singletonInjectLookup" duration-ms="4" depends-on-groups="init.*" started-at="2016-04-28T09:07:36Z" finished-at="2016-04-28T09:07:36Z">
        </test-method>
        <test-method status="PASS" signature="singletonStartup()" name="singletonStartup" duration-ms="10" started-at="2016-04-28T09:07:36Z" finished-at="2016-04-28T09:07:36Z">
        </test-method>
      </class>
    </test>
    <test name="jpa_inject_emf">
      <class name="test.jpa.jpainjectemf.JpaInjectEMFTestNG">
        <test-method status="PASS" signature="persistWithInjectEMF()" name="persistWithInjectEMF" duration-ms="134" started-at="2016-04-28T09:07:31Z" finished-at="2016-04-28T09:07:31Z">
        </test-method>
        <test-method status="PASS" signature="lazyLoadingByQuery()" name="lazyLoadingByQuery" duration-ms="318" depends-on-groups="init.*" started-at="2016-04-28T09:07:31Z" finished-at="2016-04-28T09:07:31Z">
        </test-method>
      </class>
    </test>
    <test name="MDB_tests">
      <class name="test.mdb.MDBTests">
        <test-method status="PASS" signature="deployJMSAppTest(java.lang.String)" name="deployJMSAppTest" duration-ms="1262" started-at="2016-04-28T09:07:40Z" depends-on-methods="test.mdb.MDBTests.createJMSRscTest" finished-at="2016-04-28T09:07:41Z">
          <params>
            <param index="0">
              <value>
                <![CDATA[./dist/mdb/]]>
              </value>
            </param>
          </params>
        </test-method>
        <test-method status="PASS" signature="runJMSAppTest(java.lang.String)" name="runJMSAppTest" duration-ms="13131" started-at="2016-04-28T09:07:41Z" depends-on-methods="test.mdb.MDBTests.deployJMSAppTest" finished-at="2016-04-28T09:07:54Z">
          <params>
            <param index="0">
              <value>
                <![CDATA[./dist/mdb/]]>
              </value>
            </param>
          </params>
        </test-method>
        <test-method status="PASS" signature="deleteJMSRscTest(java.lang.String)" name="deleteJMSRscTest" duration-ms="892" started-at="2016-04-28T09:07:56Z" depends-on-methods="test.mdb.MDBTests.undeployJMSAppTest" finished-at="2016-04-28T09:07:57Z">
          <params>
            <param index="0">
              <value>
                <![CDATA[ejb/mdb/delete_resources.asadmin]]>
              </value>
            </param>
          </params>
        </test-method>
        <test-method status="PASS" signature="undeployJMSAppTest()" name="undeployJMSAppTest" duration-ms="2180" started-at="2016-04-28T09:07:54Z" depends-on-methods="test.mdb.MDBTests.runJMSAppTest" finished-at="2016-04-28T09:07:56Z">
        </test-method>
        <test-method status="PASS" signature="createJMSRscTest(java.lang.String)" name="createJMSRscTest" duration-ms="2109" started-at="2016-04-28T09:07:38Z" finished-at="2016-04-28T09:07:40Z">
          <params>
            <param index="0">
              <value>
                <![CDATA[ejb/mdb/create_resources.asadmin]]>
              </value>
            </param>
          </params>
        </test-method>
      </class>
    </test>
    <test name="jdbc_user_tx">
      <class name="test.jdbc.jdbcusertx.JdbcUserTxTestNG">
        <test-method status="PASS" signature="testUserTx()" name="testUserTx" duration-ms="140" started-at="2016-04-28T09:07:31Z" finished-at="2016-04-28T09:07:31Z">
        </test-method>
        <test-method status="PASS" signature="testNoLeak()" name="testNoLeak" duration-ms="192" started-at="2016-04-28T09:07:31Z" finished-at="2016-04-28T09:07:31Z">
        </test-method>
      </class>
    </test>
    <test name="ejb_remoteview">
      <class name="test.ejb.remoteview.RemoteViewTestNG">
        <test-method status="PASS" signature="nonPortableGlobal()" name="nonPortableGlobal" duration-ms="36" depends-on-groups="init.*" started-at="2016-04-28T09:07:36Z" finished-at="2016-04-28T09:07:36Z">
        </test-method>
        <test-method status="PASS" signature="portableGlobal()" name="portableGlobal" duration-ms="22" depends-on-groups="init.*" started-at="2016-04-28T09:07:36Z" finished-at="2016-04-28T09:07:36Z">
        </test-method>
        <test-method status="PASS" signature="helloRemote()" name="helloRemote" duration-ms="4162" started-at="2016-04-28T09:07:32Z" finished-at="2016-04-28T09:07:36Z">
        </test-method>
      </class>
    </test>
    <test name="ejb_stateful_cmt_ni_war">
      <class name="test.ejb.slsbnicmt.SlsbnicmtTestNG">
        <test-method status="PASS" signature="JpaPersist()" name="JpaPersist" duration-ms="24" depends-on-groups="init.*" started-at="2016-04-28T09:07:36Z" finished-at="2016-04-28T09:07:36Z">
        </test-method>
        <test-method status="PASS" signature="JpaVerify()" name="JpaVerify" duration-ms="18" started-at="2016-04-28T09:07:36Z" depends-on-methods="test.ejb.slsbnicmt.SlsbnicmtTestNG.JpaRemove" finished-at="2016-04-28T09:07:36Z">
        </test-method>
        <test-method status="PASS" signature="EJBInject()" name="EJBInject" duration-ms="14" started-at="2016-04-28T09:07:36Z" finished-at="2016-04-28T09:07:36Z">
        </test-method>
        <test-method status="PASS" signature="JpaRemove()" name="JpaRemove" duration-ms="22" started-at="2016-04-28T09:07:36Z" depends-on-methods="test.ejb.slsbnicmt.SlsbnicmtTestNG.JpaPersist" finished-at="2016-04-28T09:07:36Z">
        </test-method>
      </class>
      <class name="test.ejb.sfulnoi.SfulnoiTestNG">
        <test-method status="PASS" signature="GetName()" name="GetName" duration-ms="4" depends-on-groups="init.*" started-at="2016-04-28T09:07:36Z" finished-at="2016-04-28T09:07:36Z">
        </test-method>
        <test-method status="PASS" signature="SetName()" name="SetName" duration-ms="15" started-at="2016-04-28T09:07:36Z" finished-at="2016-04-28T09:07:36Z">
        </test-method>
      </class>
    </test>
    <test name="admincli_tests">
      <class name="test.admincli.ExistStatusTests">
        <test-method status="PASS" signature="pingJDBCPool()" name="pingJDBCPool" duration-ms="847" started-at="2016-04-28T09:06:52Z" depends-on-methods="test.admincli.ExistStatusTests.createJDBCPool" finished-at="2016-04-28T09:06:53Z">
        </test-method>
        <test-method status="PASS" signature="deleteJDBCPool()" name="deleteJDBCPool" duration-ms="352" started-at="2016-04-28T09:06:53Z" depends-on-methods="test.admincli.ExistStatusTests.pingJDBCPool" finished-at="2016-04-28T09:06:53Z">
        </test-method>
        <test-method status="PASS" signature="createJDBCPool()" name="createJDBCPool" duration-ms="472" started-at="2016-04-28T09:06:51Z" finished-at="2016-04-28T09:06:52Z">
        </test-method>
      </class>
      <class name="test.admincli.RestartDomainTests">
        <test-method status="PASS" signature="restartDomainTest()" name="restartDomainTest" duration-ms="0" started-at="2016-04-28T09:06:53Z" finished-at="2016-04-28T09:06:53Z">
        </test-method>
      </class>
    </test>
    <test name="security_app_permissions">
      <class name="test.security.appperms.ApppermsTestNG">
        <test-method status="PASS" signature="singletonInjectLookup()" name="singletonInjectLookup" duration-ms="6" depends-on-groups="init.*" started-at="2016-04-28T09:07:32Z" finished-at="2016-04-28T09:07:32Z">
        </test-method>
        <test-method status="PASS" signature="singletonStartup()" name="singletonStartup" duration-ms="12" started-at="2016-04-28T09:07:32Z" finished-at="2016-04-28T09:07:32Z">
        </test-method>
      </class>
    </test>
    <test name="cluster_teardown">
      <class name="test.clusterteardown.ClusterTeardownTest">
        <test-method status="PASS" signature="deleteClusterTest()" name="deleteClusterTest" duration-ms="597" started-at="2016-04-28T09:09:20Z" depends-on-methods="test.clusterteardown.ClusterTeardownTest.deleteInstanceTest" finished-at="2016-04-28T09:09:21Z">
        </test-method>
        <test-method status="PASS" signature="deleteInstanceTest()" name="deleteInstanceTest" duration-ms="11718" started-at="2016-04-28T09:09:08Z" finished-at="2016-04-28T09:09:20Z">
        </test-method>
      </class>
    </test>
    <test name="amx_tests">
      <class name="amxtest.AMXConfigProxyTests">
        <test-method status="PASS" signature="setUpEnvironment(boolean, int)" name="setUpEnvironment" is-config="true" duration-ms="13" started-at="2016-04-28T09:07:04Z" description="get setup and connect to the MBeanServer" finished-at="2016-04-28T09:07:04Z">
          <params>
            <param index="0">
              <value>
                <![CDATA[true]]>
              </value>
            </param>
            <param index="1">
              <value>
                <![CDATA[5086]]>
              </value>
            </param>
          </params>
        </test-method>
        <test-method status="PASS" signature="testForBogusConfigAnnotations()" name="testForBogusConfigAnnotations" duration-ms="31" started-at="2016-04-28T09:07:04Z" finished-at="2016-04-28T09:07:04Z">
        </test-method>
      </class>
      <class name="amxtest.AMXOtherTests">
        <test-method status="PASS" signature="setUpEnvironment(boolean, int)" name="setUpEnvironment" is-config="true" duration-ms="11" started-at="2016-04-28T09:07:18Z" description="get setup and connect to the MBeanServer" finished-at="2016-04-28T09:07:18Z">
          <params>
            <param index="0">
              <value>
                <![CDATA[true]]>
              </value>
            </param>
            <param index="1">
              <value>
                <![CDATA[5086]]>
              </value>
            </param>
          </params>
        </test-method>
        <test-method status="PASS" signature="testVariousGetters()" name="testVariousGetters" duration-ms="19" started-at="2016-04-28T09:07:18Z" finished-at="2016-04-28T09:07:18Z">
        </test-method>
      </class>
      <class name="amxtest.AMXCoreTests">
        <test-method status="PASS" signature="iterateAllSanityCheck()" name="iterateAllSanityCheck" duration-ms="6473" started-at="2016-04-28T09:06:57Z" depends-on-methods="amxtest.AMXCoreTests.bootAMX" finished-at="2016-04-28T09:07:04Z">
        </test-method>
        <test-method status="PASS" signature="testDemo()" name="testDemo" duration-ms="14219" started-at="2016-04-28T09:07:04Z" finished-at="2016-04-28T09:07:18Z">
        </test-method>
        <test-method status="PASS" signature="testAMXComplianceMonitorFailureCount()" name="testAMXComplianceMonitorFailureCount" duration-ms="1" started-at="2016-04-28T09:07:18Z" finished-at="2016-04-28T09:07:18Z">
        </test-method>
        <test-method status="PASS" signature="bootAMX()" name="bootAMX" duration-ms="1" started-at="2016-04-28T09:06:57Z" description="Core AMX tests" finished-at="2016-04-28T09:06:57Z">
        </test-method>
        <test-method status="PASS" signature="setUpEnvironment(boolean, int)" name="setUpEnvironment" is-config="true" duration-ms="4247" started-at="2016-04-28T09:06:53Z" description="get setup and connect to the MBeanServer" finished-at="2016-04-28T09:06:57Z">
          <params>
            <param index="0">
              <value>
                <![CDATA[true]]>
              </value>
            </param>
            <param index="1">
              <value>
                <![CDATA[5086]]>
              </value>
            </param>
          </params>
        </test-method>
      </class>
      <class name="amxtest.AMXProxyTests">
        <test-method status="PASS" signature="testSystemInfo()" name="testSystemInfo" duration-ms="21" started-at="2016-04-28T09:07:19Z" finished-at="2016-04-28T09:07:19Z">
        </test-method>
        <test-method status="PASS" signature="testMonitoringRoot()" name="testMonitoringRoot" duration-ms="58" started-at="2016-04-28T09:07:18Z" finished-at="2016-04-28T09:07:18Z">
        </test-method>
        <test-method status="PASS" signature="testServerRuntime()" name="testServerRuntime" duration-ms="29" started-at="2016-04-28T09:07:20Z" finished-at="2016-04-28T09:07:20Z">
        </test-method>
        <test-method status="PASS" signature="testExt()" name="testExt" duration-ms="32" started-at="2016-04-28T09:07:18Z" finished-at="2016-04-28T09:07:18Z">
        </test-method>
        <test-method status="PASS" signature="setUpEnvironment(boolean, int)" name="setUpEnvironment" is-config="true" duration-ms="12" started-at="2016-04-28T09:07:18Z" description="get setup and connect to the MBeanServer" finished-at="2016-04-28T09:07:18Z">
          <params>
            <param index="0">
              <value>
                <![CDATA[true]]>
              </value>
            </param>
            <param index="1">
              <value>
                <![CDATA[5086]]>
              </value>
            </param>
          </params>
        </test-method>
        <test-method status="PASS" signature="testQuery()" name="testQuery" duration-ms="27" started-at="2016-04-28T09:07:20Z" finished-at="2016-04-28T09:07:20Z">
        </test-method>
        <test-method status="PASS" signature="testForBogusAnnotations()" name="testForBogusAnnotations" duration-ms="106" started-at="2016-04-28T09:07:20Z" finished-at="2016-04-28T09:07:20Z">
        </test-method>
        <test-method status="PASS" signature="testJ2EEDomain()" name="testJ2EEDomain" duration-ms="28" started-at="2016-04-28T09:07:20Z" finished-at="2016-04-28T09:07:20Z">
        </test-method>
        <test-method status="PASS" signature="testBulkAccess()" name="testBulkAccess" duration-ms="11" started-at="2016-04-28T09:07:18Z" finished-at="2016-04-28T09:07:18Z">
        </test-method>
        <test-method status="PASS" signature="testDomainRoot()" name="testDomainRoot" duration-ms="135" started-at="2016-04-28T09:07:18Z" finished-at="2016-04-28T09:07:18Z">
        </test-method>
        <test-method status="PASS" signature="testLogging()" name="testLogging" duration-ms="37" started-at="2016-04-28T09:07:20Z" finished-at="2016-04-28T09:07:20Z">
        </test-method>
        <test-method status="PASS" signature="testTools()" name="testTools" duration-ms="1082" started-at="2016-04-28T09:07:18Z" finished-at="2016-04-28T09:07:19Z">
        </test-method>
        <test-method status="PASS" signature="testPathnames()" name="testPathnames" duration-ms="119" started-at="2016-04-28T09:07:19Z" finished-at="2016-04-28T09:07:20Z">
        </test-method>
        <test-method status="PASS" signature="testRuntimeRoot()" name="testRuntimeRoot" duration-ms="27" started-at="2016-04-28T09:07:20Z" finished-at="2016-04-28T09:07:20Z">
        </test-method>
      </class>
    </test>
    <test name="adminconsole_tests">
      <class name="test.admin.AdminConsoleTests">
        <test-method status="PASS" signature="testRealmsList()" name="testRealmsList" duration-ms="143" started-at="2016-04-28T09:07:29Z" finished-at="2016-04-28T09:07:30Z">
        </test-method>
        <test-method status="PASS" signature="testDeployedAppPage()" name="testDeployedAppPage" duration-ms="2894" started-at="2016-04-28T09:07:26Z" finished-at="2016-04-28T09:07:29Z">
        </test-method>
        <test-method status="PASS" signature="loginBeforeTest(java.lang.String, int)" name="loginBeforeTest" is-config="true" duration-ms="6660" started-at="2016-04-28T09:07:20Z" finished-at="2016-04-28T09:07:26Z">
          <params>
            <param index="0">
              <value>
                <![CDATA[http://localhost:5048/]]>
              </value>
            </param>
            <param index="1">
              <value>
                <![CDATA[5086]]>
              </value>
            </param>
          </params>
        </test-method>
        <test-method status="PASS" signature="shutdownClient()" name="shutdownClient" is-config="true" duration-ms="0" started-at="2016-04-28T09:07:30Z" finished-at="2016-04-28T09:07:30Z">
        </test-method>
        <test-method status="PASS" signature="testCommonTasks()" name="testCommonTasks" duration-ms="129" started-at="2016-04-28T09:07:29Z" finished-at="2016-04-28T09:07:29Z">
        </test-method>
      </class>
    </test>
    <test name="security_hello_jsp">
      <class name="test.security.hellojsp.HelloSecurityTestNG">
        <test-method status="PASS" signature="simpleJSPTestPage()" name="simpleJSPTestPage" duration-ms="2" started-at="2016-04-28T09:07:32Z" finished-at="2016-04-28T09:07:32Z">
        </test-method>
        <test-method status="PASS" signature="staticHTMLPageTest()" name="staticHTMLPageTest" duration-ms="27" started-at="2016-04-28T09:07:32Z" finished-at="2016-04-28T09:07:32Z">
        </test-method>
        <test-method status="PASS" signature="simpleServletTest()" name="simpleServletTest" duration-ms="5" started-at="2016-04-28T09:07:32Z" finished-at="2016-04-28T09:07:32Z">
        </test-method>
      </class>
    </test>
    <test name="jms_injection_jmsContext">
      <class name="test.jms.injection.ClientTestNG">
        <test-method status="PASS" signature="testTransactionScopedJMSContextInjection()" name="testTransactionScopedJMSContextInjection" duration-ms="350" started-at="2016-04-28T09:09:22Z" finished-at="2016-04-28T09:09:22Z">
        </test-method>
        <test-method status="PASS" signature="testRequestScopedJMSContextInjection()" name="testRequestScopedJMSContextInjection" duration-ms="1301" started-at="2016-04-28T09:09:21Z" finished-at="2016-04-28T09:09:22Z">
        </test-method>
      </class>
    </test>
    <test name="jpa_validation">
      <class name="test.jpa.jpavalidation.JpaValidationTestNG">
        <test-method status="PASS" signature="validateUpdate()" name="validateUpdate" duration-ms="6" started-at="2016-04-28T09:07:32Z" depends-on-methods="test.jpa.jpavalidation.JpaValidationTestNG.validatePersist" finished-at="2016-04-28T09:07:32Z">
        </test-method>
        <test-method status="PASS" signature="validatePersist()" name="validatePersist" duration-ms="51" depends-on-groups="init.*" started-at="2016-04-28T09:07:32Z" finished-at="2016-04-28T09:07:32Z">
        </test-method>
        <test-method status="PASS" signature="verify()" name="verify" duration-ms="10" started-at="2016-04-28T09:07:32Z" depends-on-methods="test.jpa.jpavalidation.JpaValidationTestNG.validateRemove" finished-at="2016-04-28T09:07:32Z">
        </test-method>
        <test-method status="PASS" signature="validateRemove()" name="validateRemove" duration-ms="42" started-at="2016-04-28T09:07:32Z" depends-on-methods="test.jpa.jpavalidation.JpaValidationTestNG.validateUpdate" finished-at="2016-04-28T09:07:32Z">
        </test-method>
        <test-method status="PASS" signature="initialize()" name="initialize" duration-ms="93" started-at="2016-04-28T09:07:31Z" finished-at="2016-04-28T09:07:32Z">
        </test-method>
      </class>
    </test>
    <test name="jsf_hello_world">
      <class name="test.jsf.astrologer.JSFWebTestNG">
        <test-method status="PASS" signature="jsfIndexPageBasicTest()" name="jsfIndexPageBasicTest" duration-ms="67" started-at="2016-04-28T09:07:30Z" finished-at="2016-04-28T09:07:30Z">
        </test-method>
        <test-method status="PASS" signature="beforeTest()" name="beforeTest" is-config="true" duration-ms="0" started-at="2016-04-28T09:07:30Z" finished-at="2016-04-28T09:07:30Z">
        </test-method>
        <test-method status="PASS" signature="beforeTest()" name="beforeTest" is-config="true" duration-ms="0" started-at="2016-04-28T09:07:30Z" finished-at="2016-04-28T09:07:30Z">
        </test-method>
        <test-method status="PASS" signature="jsfAppDeployedFirstPagetest()" name="jsfAppDeployedFirstPagetest" duration-ms="382" started-at="2016-04-28T09:07:30Z" finished-at="2016-04-28T09:07:31Z">
        </test-method>
      </class>
    </test>
    <test name="bv_servlet_simple">
      <class name="test.bv.servlet.simple.SimpleBVServletTestNG">
        <test-method status="PASS" signature="executeServlet()" name="executeServlet" duration-ms="92" started-at="2016-04-28T09:07:57Z" finished-at="2016-04-28T09:07:57Z">
        </test-method>
      </class>
    </test>
    <test name="rest_tests">
      <class name="test.admin.RestTests">
        <test-method status="PASS" signature="testManagementEndpoint()" name="testManagementEndpoint" duration-ms="49" started-at="2016-04-28T09:07:30Z" finished-at="2016-04-28T09:07:30Z">
        </test-method>
        <test-method status="PASS" signature="testMonitoringEndpoint()" name="testMonitoringEndpoint" duration-ms="145" started-at="2016-04-28T09:07:30Z" finished-at="2016-04-28T09:07:30Z">
        </test-method>
        <test-method status="PASS" signature="testAdminCommandEndpoint()" name="testAdminCommandEndpoint" duration-ms="11" started-at="2016-04-28T09:07:30Z" finished-at="2016-04-28T09:07:30Z">
        </test-method>
        <test-method status="PASS" signature="testEndpointWithEncodedSlash()" name="testEndpointWithEncodedSlash" duration-ms="40" started-at="2016-04-28T09:07:30Z" finished-at="2016-04-28T09:07:30Z">
        </test-method>
        <test-method status="PASS" signature="testChildConfigBeanEndpoint()" name="testChildConfigBeanEndpoint" duration-ms="8" started-at="2016-04-28T09:07:30Z" finished-at="2016-04-28T09:07:30Z">
        </test-method>
      </class>
    </test>
    <test name="osgi_test">
      <class name="test.osgi.hello.HelloOSGITestNG">
        <test-method status="PASS" signature="simpleServletTest()" name="simpleServletTest" duration-ms="3" started-at="2016-04-28T09:08:04Z" depends-on-methods="test.osgi.hello.HelloOSGITestNG.simpleJSPTestPage" finished-at="2016-04-28T09:08:04Z">
        </test-method>
        <test-method status="PASS" signature="simpleOSGIDeployTest()" name="simpleOSGIDeployTest" duration-ms="519" started-at="2016-04-28T09:07:58Z" finished-at="2016-04-28T09:07:59Z">
        </test-method>
        <test-method status="PASS" signature="simpleOSGIUnDeployTest()" name="simpleOSGIUnDeployTest" duration-ms="1212" started-at="2016-04-28T09:08:04Z" depends-on-methods="test.osgi.hello.HelloOSGITestNG.simpleServletTest" finished-at="2016-04-28T09:08:05Z">
        </test-method>
        <test-method status="PASS" signature="simpleJSPTestPage()" name="simpleJSPTestPage" duration-ms="5094" started-at="2016-04-28T09:07:59Z" depends-on-methods="test.osgi.hello.HelloOSGITestNG.simpleOSGIDeployTest" finished-at="2016-04-28T09:08:04Z">
        </test-method>
      </class>
    </test>
    <test name="weld_tests">
      <class name="test.web.extensions.ExtensionsTestNG">
        <test-method status="PASS" signature="beforeTest()" name="beforeTest" is-config="true" duration-ms="0" started-at="2016-04-28T09:07:57Z" finished-at="2016-04-28T09:07:57Z">
        </test-method>
        <test-method status="PASS" signature="injectionTargetAdaptionTest()" name="injectionTargetAdaptionTest" duration-ms="3" started-at="2016-04-28T09:07:57Z" finished-at="2016-04-28T09:07:57Z">
        </test-method>
        <test-method status="PASS" signature="beforeTest()" name="beforeTest" is-config="true" duration-ms="1" started-at="2016-04-28T09:07:57Z" finished-at="2016-04-28T09:07:57Z">
        </test-method>
        <test-method status="PASS" signature="extensionBeanReferenceTest()" name="extensionBeanReferenceTest" duration-ms="2" started-at="2016-04-28T09:07:57Z" finished-at="2016-04-28T09:07:57Z">
        </test-method>
        <test-method status="PASS" signature="extensionBeanObserversTest()" name="extensionBeanObserversTest" duration-ms="7" started-at="2016-04-28T09:07:57Z" finished-at="2016-04-28T09:07:57Z">
        </test-method>
        <test-method status="PASS" signature="jarExtensionBeanReferenceTest()" name="jarExtensionBeanReferenceTest" duration-ms="1" started-at="2016-04-28T09:07:57Z" finished-at="2016-04-28T09:07:57Z">
        </test-method>
        <test-method status="PASS" signature="beforeTest()" name="beforeTest" is-config="true" duration-ms="0" started-at="2016-04-28T09:07:57Z" finished-at="2016-04-28T09:07:57Z">
        </test-method>
        <test-method status="PASS" signature="beforeTest()" name="beforeTest" is-config="true" duration-ms="0" started-at="2016-04-28T09:07:57Z" finished-at="2016-04-28T09:07:57Z">
        </test-method>
        <test-method status="PASS" signature="beforeTest()" name="beforeTest" is-config="true" duration-ms="0" started-at="2016-04-28T09:07:57Z" finished-at="2016-04-28T09:07:57Z">
        </test-method>
        <test-method status="PASS" signature="beforeTest()" name="beforeTest" is-config="true" duration-ms="0" started-at="2016-04-28T09:07:57Z" finished-at="2016-04-28T09:07:57Z">
        </test-method>
        <test-method status="PASS" signature="jarExtensionBeanObserversTest()" name="jarExtensionBeanObserversTest" duration-ms="12" started-at="2016-04-28T09:07:57Z" finished-at="2016-04-28T09:07:57Z">
        </test-method>
        <test-method status="PASS" signature="webBeanTest()" name="webBeanTest" duration-ms="20" started-at="2016-04-28T09:07:57Z" finished-at="2016-04-28T09:07:57Z">
        </test-method>
      </class>
    </test>
    <test name="ejb_cmp_ear">
      <class name="test.CmpRosterTestNG">
        <test-method status="PASS" signature="test()" name="test" duration-ms="1427" started-at="2016-04-28T09:07:36Z" finished-at="2016-04-28T09:07:38Z">
        </test-method>
      </class>
    </test>
    <test name="cluster_setup">
      <class name="test.clustersetup.ClusterSetupTest">
        <test-method status="PASS" signature="startInstanceTest()" name="startInstanceTest" duration-ms="55673" started-at="2016-04-28T09:08:13Z" depends-on-methods="test.clustersetup.ClusterSetupTest.createInstanceTest" finished-at="2016-04-28T09:09:08Z">
        </test-method>
        <test-method status="PASS" signature="createInstanceTest()" name="createInstanceTest" duration-ms="1576" started-at="2016-04-28T09:08:11Z" depends-on-methods="test.clustersetup.ClusterSetupTest.createClusterTest" finished-at="2016-04-28T09:08:13Z">
        </test-method>
        <test-method status="PASS" signature="createClusterTest()" name="createClusterTest" duration-ms="5713" started-at="2016-04-28T09:08:06Z" finished-at="2016-04-28T09:08:11Z">
        </test-method>
      </class>
    </test>
    <test name="wsit_jaxb_tests">
      <class name="jaxbosgi.JaxbOsgiTestNG">
        <test-method status="PASS" signature="jaxb1Marshalling()" name="jaxb1Marshalling" duration-ms="236" started-at="2016-04-28T09:08:05Z" finished-at="2016-04-28T09:08:06Z">
        </test-method>
        <test-method status="PASS" signature="msvDatatypeExist()" name="msvDatatypeExist" duration-ms="106" started-at="2016-04-28T09:08:05Z" finished-at="2016-04-28T09:08:05Z">
        </test-method>
        <test-method status="PASS" signature="jaxb1Exist()" name="jaxb1Exist" duration-ms="41" started-at="2016-04-28T09:08:05Z" finished-at="2016-04-28T09:08:05Z">
        </test-method>
        <test-method status="PASS" signature="riOsgiTest()" name="riOsgiTest" duration-ms="70" started-at="2016-04-28T09:08:05Z" finished-at="2016-04-28T09:08:05Z">
        </test-method>
      </class>
    </test>
    <test name="asadmin_tests">
      <class name="test.admin.JdbcConnectionPoolTests">
        <test-method status="PASS" signature="pingPool()" name="pingPool" duration-ms="462" started-at="2016-04-28T09:07:58Z" depends-on-methods="test.admin.JdbcConnectionPoolTests.createPool" finished-at="2016-04-28T09:07:58Z">
        </test-method>
        <test-method status="PASS" signature="setUpEnvironment(java.lang.String, java.lang.String, java.lang.String)" name="setUpEnvironment" is-config="true" duration-ms="1" started-at="2016-04-28T09:07:57Z" finished-at="2016-04-28T09:07:57Z">
          <params>
            <param index="0">
              <value>
                <![CDATA[http://localhost:5048/__asadmin]]>
              </value>
            </param>
            <param index="1">
              <value>
                <![CDATA[admin]]>
              </value>
            </param>
            <param index="2">
              <value>
                <![CDATA[]]>
              </value>
            </param>
          </params>
        </test-method>
        <test-method status="PASS" signature="deletedPoolDoesNotExist()" name="deletedPoolDoesNotExist" duration-ms="4" started-at="2016-04-28T09:07:58Z" depends-on-methods="test.admin.JdbcConnectionPoolTests.deletePool" finished-at="2016-04-28T09:07:58Z">
        </test-method>
        <test-method status="PASS" signature="createPool()" name="createPool" duration-ms="112" started-at="2016-04-28T09:07:57Z" finished-at="2016-04-28T09:07:58Z">
        </test-method>
        <test-method status="PASS" signature="deletePool()" name="deletePool" duration-ms="14" started-at="2016-04-28T09:07:58Z" depends-on-methods="test.admin.JdbcConnectionPoolTests.ensureCreatedPoolExists" finished-at="2016-04-28T09:07:58Z">
        </test-method>
        <test-method status="PASS" signature="ensureCreatedPoolExists()" name="ensureCreatedPoolExists" duration-ms="7" started-at="2016-04-28T09:07:58Z" depends-on-methods="test.admin.JdbcConnectionPoolTests.pingPool" finished-at="2016-04-28T09:07:58Z">
        </test-method>
        <test-method status="PASS" signature="setupEnvironment(java.lang.String)" name="setupEnvironment" is-config="true" duration-ms="0" started-at="2016-04-28T09:07:57Z" depends-on-methods="test.admin.BaseAsadminTest.setUpEnvironment" finished-at="2016-04-28T09:07:57Z">
          <params>
            <param index="0">
              <value>
                <![CDATA[admin/resources/resources.xml]]>
              </value>
            </param>
          </params>
        </test-method>
      </class>
      <class name="test.admin.OsgiAsadminTest">
        <test-method status="PASS" signature="createOsgiListener()" name="createOsgiListener" duration-ms="40" started-at="2016-04-28T09:07:58Z" finished-at="2016-04-28T09:07:58Z">
        </test-method>
        <test-method status="PASS" signature="setUpEnvironment(java.lang.String, java.lang.String, java.lang.String)" name="setUpEnvironment" is-config="true" duration-ms="0" started-at="2016-04-28T09:07:58Z" finished-at="2016-04-28T09:07:58Z">
          <params>
            <param index="0">
              <value>
                <![CDATA[http://localhost:5048/__asadmin]]>
              </value>
            </param>
            <param index="1">
              <value>
                <![CDATA[admin]]>
              </value>
            </param>
            <param index="2">
              <value>
                <![CDATA[]]>
              </value>
            </param>
          </params>
        </test-method>
      </class>
      <class name="test.admin.JvmOptionTests">
        <test-method status="PASS" signature="deletedJoeDoesNotExist()" name="deletedJoeDoesNotExist" duration-ms="9" started-at="2016-04-28T09:07:58Z" depends-on-methods="test.admin.JvmOptionTests.deleteJoe" finished-at="2016-04-28T09:07:58Z">
        </test-method>
        <test-method status="PASS" signature="ensureCreatedJoeExists()" name="ensureCreatedJoeExists" duration-ms="10" started-at="2016-04-28T09:07:58Z" depends-on-methods="test.admin.JvmOptionTests.createJoe" finished-at="2016-04-28T09:07:58Z">
        </test-method>
        <test-method status="PASS" signature="createJoe()" name="createJoe" duration-ms="32" started-at="2016-04-28T09:07:58Z" finished-at="2016-04-28T09:07:58Z">
        </test-method>
        <test-method status="PASS" signature="setUpEnvironment(java.lang.String, java.lang.String, java.lang.String)" name="setUpEnvironment" is-config="true" duration-ms="0" started-at="2016-04-28T09:07:58Z" finished-at="2016-04-28T09:07:58Z">
          <params>
            <param index="0">
              <value>
                <![CDATA[http://localhost:5048/__asadmin]]>
              </value>
            </param>
            <param index="1">
              <value>
                <![CDATA[admin]]>
              </value>
            </param>
            <param index="2">
              <value>
                <![CDATA[]]>
              </value>
            </param>
          </params>
        </test-method>
        <test-method status="PASS" signature="deleteJoe()" name="deleteJoe" duration-ms="11" started-at="2016-04-28T09:07:58Z" depends-on-methods="test.admin.JvmOptionTests.ensureCreatedJoeExists" finished-at="2016-04-28T09:07:58Z">
        </test-method>
      </class>
      <class name="test.admin.WebtierTests">
        <test-method status="PASS" signature="setUpEnvironment(java.lang.String, java.lang.String, java.lang.String)" name="setUpEnvironment" is-config="true" duration-ms="0" started-at="2016-04-28T09:07:57Z" finished-at="2016-04-28T09:07:57Z">
          <params>
            <param index="0">
              <value>
                <![CDATA[http://localhost:5048/__asadmin]]>
              </value>
            </param>
            <param index="1">
              <value>
                <![CDATA[admin]]>
              </value>
            </param>
            <param index="2">
              <value>
                <![CDATA[]]>
              </value>
            </param>
          </params>
        </test-method>
        <test-method status="PASS" signature="createListener()" name="createListener" duration-ms="145" started-at="2016-04-28T09:07:57Z" finished-at="2016-04-28T09:07:57Z">
        </test-method>
        <test-method status="PASS" signature="ensureCreatedListenerExists()" name="ensureCreatedListenerExists" duration-ms="4" started-at="2016-04-28T09:07:58Z" depends-on-methods="test.admin.WebtierTests.createListener" finished-at="2016-04-28T09:07:58Z">
        </test-method>
        <test-method status="PASS" signature="ensureDeletedListenerDoesNotExist()" name="ensureDeletedListenerDoesNotExist" duration-ms="5" started-at="2016-04-28T09:07:58Z" depends-on-methods="test.admin.WebtierTests.deleteListener" finished-at="2016-04-28T09:07:58Z">
        </test-method>
        <test-method status="PASS" signature="deleteListener()" name="deleteListener" duration-ms="31" started-at="2016-04-28T09:07:58Z" depends-on-methods="test.admin.WebtierTests.ensureCreatedListenerExists, test.admin.WebtierTests.createListener" finished-at="2016-04-28T09:07:58Z">
        </test-method>
        <test-method status="PASS" signature="setup()" name="setup" is-config="true" duration-ms="0" started-at="2016-04-28T09:07:57Z" depends-on-methods="test.admin.JdbcConnectionPoolTests.setupEnvironment" finished-at="2016-04-28T09:07:57Z">
        </test-method>
        <test-method status="PASS" signature="createListenerWithOldParam()" name="createListenerWithOldParam" duration-ms="39" started-at="2016-04-28T09:07:58Z" depends-on-methods="test.admin.WebtierTests.ensureDeletedListenerDoesNotExist" finished-at="2016-04-28T09:07:58Z">
        </test-method>
        <test-method status="PASS" signature="deleteListener2()" name="deleteListener2" duration-ms="28" started-at="2016-04-28T09:07:58Z" depends-on-methods="test.admin.WebtierTests.createListenerWithOldParam" finished-at="2016-04-28T09:07:58Z">
        </test-method>
      </class>
    </test>
    <test name="deploy_upload_test">
      <class name="test.web.jsp.hello.HelloJSPTestNG">
        <test-method status="PASS" signature="simpleServletTest()" name="simpleServletTest" duration-ms="3" started-at="2016-04-28T09:07:30Z" finished-at="2016-04-28T09:07:30Z">
        </test-method>
        <test-method status="PASS" signature="testServerRunning()" name="testServerRunning" duration-ms="8" started-at="2016-04-28T09:07:30Z" finished-at="2016-04-28T09:07:30Z">
        </test-method>
        <test-method status="PASS" signature="simpleJSPTestPage()" name="simpleJSPTestPage" duration-ms="375" started-at="2016-04-28T09:07:30Z" finished-at="2016-04-28T09:07:30Z">
        </test-method>
        <test-method status="PASS" signature="staticHTMLPageTest()" name="staticHTMLPageTest" duration-ms="17" started-at="2016-04-28T09:07:30Z" finished-at="2016-04-28T09:07:30Z">
        </test-method>
      </class>
    </test>
  </suite>
</testng-results>
