<?xml version="1.0" encoding="UTF-8"?>
<testsuite name="amx_tests" failures="0" tests="19" time="26.754" errors="0">
  <properties/>
  <testcase name="bootAMX" time="0.001" classname="amxtest.AMXCoreTests"/>
  <testcase name="iterateAllSanityCheck" time="6.473" classname="amxtest.AMXCoreTests"/>
  <testcase name="testForBogusConfigAnnotations" time="0.031" classname="amxtest.AMXConfigProxyTests"/>
  <testcase name="testDemo" time="14.219" classname="amxtest.AMXCoreTests"/>
  <testcase name="testAMXComplianceMonitorFailureCount" time="0.001" classname="amxtest.AMXCoreTests"/>
  <testcase name="testVariousGetters" time="0.019" classname="amxtest.AMXOtherTests"/>
  <testcase name="testMonitoringRoot" time="0.058" classname="amxtest.AMXProxyTests"/>
  <testcase name="testDomainRoot" time="0.135" classname="amxtest.AMXProxyTests"/>
  <testcase name="testBulkAccess" time="0.011" classname="amxtest.AMXProxyTests"/>
  <testcase name="testExt" time="0.032" classname="amxtest.AMXProxyTests"/>
  <testcase name="testTools" time="1.082" classname="amxtest.AMXProxyTests"/>
  <testcase name="testSystemInfo" time="0.021" classname="amxtest.AMXProxyTests"/>
  <testcase name="testPathnames" time="0.119" classname="amxtest.AMXProxyTests"/>
  <testcase name="testServerRuntime" time="0.029" classname="amxtest.AMXProxyTests"/>
  <testcase name="testLogging" time="0.037" classname="amxtest.AMXProxyTests"/>
  <testcase name="testForBogusAnnotations" time="0.106" classname="amxtest.AMXProxyTests"/>
  <testcase name="testRuntimeRoot" time="0.027" classname="amxtest.AMXProxyTests"/>
  <testcase name="testQuery" time="0.027" classname="amxtest.AMXProxyTests"/>
  <testcase name="testJ2EEDomain" time="0.028" classname="amxtest.AMXProxyTests"/>
</testsuite>
