<?xml version="1.0" encoding="UTF-8"?>
<testsuite name="deploy_upload_test" failures="0" tests="4" time="0.405" errors="0">
  <properties/>
  <testcase name="staticHTMLPageTest" time="0.017" classname="test.web.jsp.hello.HelloJSPTestNG"/>
  <testcase name="testServerRunning" time="0.008" classname="test.web.jsp.hello.HelloJSPTestNG"/>
  <testcase name="simpleServletTest" time="0.003" classname="test.web.jsp.hello.HelloJSPTestNG"/>
  <testcase name="simpleJSPTestPage" time="0.375" classname="test.web.jsp.hello.HelloJSPTestNG"/>
</testsuite>
