<?xml version="1.0" encoding="UTF-8"?>
<testsuite name="ejb_stateful_cmt_ni_war" failures="0" tests="6" time="0.102" errors="0">
  <properties/>
  <testcase name="SetName" time="0.015" classname="test.ejb.sfulnoi.SfulnoiTestNG"/>
  <testcase name="EJBInject" time="0.014" classname="test.ejb.slsbnicmt.SlsbnicmtTestNG"/>
  <testcase name="GetName" time="0.004" classname="test.ejb.sfulnoi.SfulnoiTestNG"/>
  <testcase name="JpaPersist" time="0.024" classname="test.ejb.slsbnicmt.SlsbnicmtTestNG"/>
  <testcase name="JpaRemove" time="0.022" classname="test.ejb.slsbnicmt.SlsbnicmtTestNG"/>
  <testcase name="JpaVerify" time="0.018" classname="test.ejb.slsbnicmt.SlsbnicmtTestNG"/>
</testsuite>
