<?xml version="1.0" encoding="UTF-8"?>
<testsuite name="rest_tests" failures="0" tests="5" time="0.257" errors="0">
  <properties/>
  <testcase name="testManagementEndpoint" time="0.049" classname="test.admin.RestTests"/>
  <testcase name="testEndpointWithEncodedSlash" time="0.04" classname="test.admin.RestTests"/>
  <testcase name="testAdminCommandEndpoint" time="0.011" classname="test.admin.RestTests"/>
  <testcase name="testMonitoringEndpoint" time="0.145" classname="test.admin.RestTests"/>
  <testcase name="testChildConfigBeanEndpoint" time="0.008" classname="test.admin.RestTests"/>
</testsuite>
